<?xml version="1.0" encoding="UTF-8"?>
<!-- Generated by org.testng.reporters.JUnitXMLReporter -->
<testsuite hostname="DESKTOP-9VF53AB" ignored="11" name="Test" tests="10" failures="0" timestamp="30 May 2019 10:02:20 GMT" time="332.107" errors="0">
  <testcase name="homePageTest" time="0.065" classname="com.hyperlocal.HomePageTest"/>
  <testcase name="servicecPageTest" time="14.388" classname="com.hyperlocal.ServiceTest"/>
  <testcase name="accessoriesPageTest" time="11.592" classname="com.hyperlocal.AccessoriesTest"/>
  <testcase name="financePageTest" time="15.043" classname="com.hyperlocal.FinanceTest"/>
  <testcase name="insurancePageTest" time="13.904" classname="com.hyperlocal.InsuranceTest"/>
  <testcase name="drivingschoolPageTest" time="12.217" classname="com.hyperlocal.DrivingSchoolTest"/>
  <testcase name="careerPageTest" time="26.056" classname="com.hyperlocal.CareersTest"/>
  <testcase name="contactUsPageTest" time="7.057" classname="com.hyperlocal.ContactUsTest"/>
  <testcase name="ebookTest" time="7.373" classname="com.hyperlocal.EBookNowTest"/>
  <testcase name="aboutUsTest" time="6.84" classname="com.hyperlocal.AboutUsTest"/>
  <testcase name="@AfterSuite email" time="0.0" classname="com.hyperlocal.origin">
    <ignored/>
  </testcase> <!-- @AfterSuite email -->
  <testcase name="@AfterSuite email" time="0.0" classname="com.hyperlocal.origin">
    <ignored/>
  </testcase> <!-- @AfterSuite email -->
  <testcase name="@AfterSuite email" time="0.0" classname="com.hyperlocal.origin">
    <ignored/>
  </testcase> <!-- @AfterSuite email -->
  <testcase name="@AfterSuite email" time="0.0" classname="com.hyperlocal.origin">
    <ignored/>
  </testcase> <!-- @AfterSuite email -->
  <testcase name="@AfterSuite email" time="0.0" classname="com.hyperlocal.origin">
    <ignored/>
  </testcase> <!-- @AfterSuite email -->
  <testcase name="@AfterSuite email" time="0.0" classname="com.hyperlocal.origin">
    <ignored/>
  </testcase> <!-- @AfterSuite email -->
  <testcase name="@AfterSuite email" time="0.0" classname="com.hyperlocal.origin">
    <ignored/>
  </testcase> <!-- @AfterSuite email -->
  <testcase name="@AfterSuite email" time="0.0" classname="com.hyperlocal.origin">
    <ignored/>
  </testcase> <!-- @AfterSuite email -->
  <testcase name="@AfterSuite email" time="0.0" classname="com.hyperlocal.origin">
    <ignored/>
  </testcase> <!-- @AfterSuite email -->
  <testcase name="@AfterSuite email" time="0.0" classname="com.hyperlocal.origin">
    <ignored/>
  </testcase> <!-- @AfterSuite email -->
  <testcase name="carPageTest" time="0.0" classname="com.hyperlocal.CarPageTest">
    <ignored/>
  </testcase> <!-- carPageTest -->
</testsuite> <!-- Test -->
